INFO:root:Data extracted successfully
INFO:root:Data transformed successfully
INFO:root:Validated users count: 10
2026-01-25 18:08:28,353 - INFO - Data extracted successfully
2026-01-25 18:08:28,355 - INFO - Data transformed successfully
2026-01-25 18:08:28,355 - INFO - Validated users count: 10
2026-01-25 18:08:28,367 - INFO - Data inserted into SQLite
2026-01-27 10:24:31,513 - INFO - Data extracted successfully
2026-01-27 10:24:32,615 - WARNING - Geocode API failed for Gwenborough, 92998-3874
2026-01-27 10:24:51,692 - INFO - Data extracted successfully
2026-01-27 10:25:23,374 - INFO - Data extracted successfully
2026-01-27 10:44:42,414 - INFO - Data extracted successfully
2026-01-27 10:45:03,600 - INFO - Data transformed successfully
2026-01-27 10:45:03,600 - INFO - Validated users count: 10
2026-01-27 13:03:39,327 - INFO - Data extracted successfully
2026-01-27 13:03:39,331 - INFO - Data transformed successfully
2026-01-27 13:03:39,331 - INFO - Validated users count: 10
2026-01-27 13:03:39,355 - INFO - Data inserted into SQLite
2026-01-27 13:12:26,278 - INFO - Data extracted successfully
2026-01-27 13:12:26,282 - INFO - Data transformed successfully
2026-01-27 13:12:26,282 - INFO - Validated users count: 10
2026-01-27 13:12:26,283 - INFO - Data inserted into SQLite
2026-01-27 13:21:38,016 - INFO - Data extracted successfully
2026-01-27 13:22:52,556 - INFO - Data extracted successfully
2026-01-27 13:22:52,559 - INFO - Data transformed successfully
2026-01-27 13:22:52,559 - INFO - Validated users count: 10
2026-01-27 13:22:52,559 - INFO - Data inserted into SQLite
2026-01-28 15:34:01,584 - INFO - Data extracted successfully
2026-01-28 15:34:01,588 - INFO - Data transformed successfully
2026-01-28 15:34:01,588 - INFO - Validated users count: 10
2026-01-28 15:34:01,589 - INFO - Data inserted into SQLite
